This file contains any messages produced by compilers while
running configure, to aid debugging if configure makes a mistake.

It was created by HMMER configure 3.4, which was
generated by GNU Autoconf 2.71.  Invocation command line was

  $ ./configure

## --------- ##
## Platform. ##
## --------- ##

hostname = linux
uname -m = x86_64
uname -r = 6.11.9-100.fc39.x86_64
uname -s = Linux
uname -v = #1 SMP PREEMPT_DYNAMIC Sun Nov 17 18:52:19 UTC 2024

/usr/bin/uname -p = unknown
/bin/uname -X     = unknown

/bin/arch              = x86_64
/usr/bin/arch -k       = unknown
/usr/convex/getsysinfo = unknown
/usr/bin/hostinfo      = unknown
/bin/machine           = unknown
/usr/bin/oslevel       = unknown
/bin/universe          = unknown

PATH: /usr/local/MATLAB/R2024b/bin/
PATH: /home/patrickstyll/workbench/bin_rh_linux64/
PATH: /home/patrickstyll/itksnap-4.2.0/bin/
PATH: /home/patrickstyll/ants-2.5.2/bin/
PATH: /home/patrickstyll/fsl/bin/
PATH: /home/patrickstyll/fsl/share/fsl/bin/
PATH: /home/patrickstyll/fsl/share/fsl/bin/
PATH: /home/patrickstyll/fsl/share/fsl/bin/
PATH: /home/patrickstyll/.ebcli-virtual-env/executables/
PATH: /home/patrickstyll/.juliaup/bin/
PATH: /home/patrickstyll/.nvm/versions/node/v23.7.0/bin/
PATH: /usr/local/MATLAB/R2024b/bin/
PATH: /home/patrickstyll/workbench/bin_rh_linux64/
PATH: /home/patrickstyll/itksnap-4.2.0/bin/
PATH: /home/patrickstyll/ants-2.5.2/bin/
PATH: /home/patrickstyll/fsl/bin/
PATH: /home/patrickstyll/fsl/share/fsl/bin/
PATH: /home/patrickstyll/.local/bin/
PATH: /home/patrickstyll/bin/
PATH: /usr/local/bin/
PATH: /usr/local/sbin/
PATH: /usr/bin/
PATH: /usr/sbin/
PATH: /var/lib/snapd/snap/bin/
PATH: /home/patrickstyll/.local/share/JetBrains/Toolbox/scripts/


## ----------- ##
## Core tests. ##
## ----------- ##

configure:2520: looking for aux files: install-sh config.guess config.sub
configure:2533:  trying ./
configure:2544:   ./install-sh found
configure:2562:   ./config.guess found
configure:2562:   ./config.sub found
configure:2673: Configuring HMMER3 for your system.
configure:2783: checking build system type
configure:2798: result: x86_64-pc-linux-gnu
configure:2818: checking host system type
configure:2832: result: x86_64-pc-linux-gnu
configure:3045: checking whether to compile using MPI
configure:3052: result: no
configure:3224: checking for gcc
configure:3245: found /home/patrickstyll/fsl/bin/gcc
configure:3256: result: gcc
configure:3609: checking for C compiler version
configure:3618: gcc --version >&5
gcc (conda-forge gcc 12.4.0-0) 12.4.0
Copyright (C) 2022 Free Software Foundation, Inc.
This is free software; see the source for copying conditions.  There is NO
warranty; not even for MERCHANTABILITY or FITNESS FOR A PARTICULAR PURPOSE.

configure:3629: $? = 0
configure:3618: gcc -v >&5
Reading specs from /home/patrickstyll/fsl/bin/../lib/gcc/x86_64-conda-linux-gnu/12.4.0/specs
could not find specs file conda.specs
COLLECT_GCC=gcc
COLLECT_LTO_WRAPPER=/home/patrickstyll/fsl/bin/../libexec/gcc/x86_64-conda-linux-gnu/12.4.0/lto-wrapper
Target: x86_64-conda-linux-gnu
Configured with: ../configure --prefix=/home/conda/feedstock_root/build_artifacts/gcc_compilers_1719535637166/_h_env_placehold_placehold_placehold_placehold_placehold_placehold_placehold_placehold_placehold_placehold_placehold_placehold_placehold_placehold_placehold_placehold_placehold_placeho --with-slibdir=/home/conda/feedstock_root/build_artifacts/gcc_compilers_1719535637166/_h_env_placehold_placehold_placehold_placehold_placehold_placehold_placehold_placehold_placehold_placehold_placehold_placehold_placehold_placehold_placehold_placehold_placehold_placeho/lib --libdir=/home/conda/feedstock_root/build_artifacts/gcc_compilers_1719535637166/_h_env_placehold_placehold_placehold_placehold_placehold_placehold_placehold_placehold_placehold_placehold_placehold_placehold_placehold_placehold_placehold_placehold_placehold_placeho/lib --mandir=/home/conda/feedstock_root/build_artifacts/gcc_compilers_1719535637166/_h_env_placehold_placehold_placehold_placehold_placehold_placehold_placehold_placehold_placehold_placehold_placehold_placehold_placehold_placehold_placehold_placehold_placehold_placeho/man --build=x86_64-conda-linux-gnu --host=x86_64-conda-linux-gnu --target=x86_64-conda-linux-gnu --enable-languages=c,c++,fortran,objc,obj-c++ --enable-__cxa_atexit --disable-libmudflap --enable-libgomp --disable-libssp --enable-libquadmath --enable-libquadmath-support --enable-lto --enable-target-optspace --enable-plugin --enable-gold --disable-nls --disable-bootstrap --disable-multilib --enable-long-long --with-sysroot=/home/conda/feedstock_root/build_artifacts/gcc_compilers_1719535637166/_h_env_placehold_placehold_placehold_placehold_placehold_placehold_placehold_placehold_placehold_placehold_placehold_placehold_placehold_placehold_placehold_placehold_placehold_placeho/x86_64-conda-linux-gnu/sysroot --with-build-sysroot=/home/conda/feedstock_root/build_artifacts/gcc_compilers_1719535637166/work/cf-compilers/x86_64-conda-linux-gnu/sysroot --with-native-system-header-dir=/usr/include --with-gxx-include-dir=/home/conda/feedstock_root/build_artifacts/gcc_compilers_1719535637166/_h_env_placehold_placehold_placehold_placehold_placehold_placehold_placehold_placehold_placehold_placehold_placehold_placehold_placehold_placehold_placehold_placehold_placehold_placeho/lib/gcc/x86_64-conda-linux-gnu/12.4.0/include/c++ --with-pkgversion='conda-forge gcc 12.4.0-0' --with-bugurl=https://github.com/conda-forge/ctng-compilers-feedstock/issues/new/choose --enable-libsanitizer --enable-default-pie --enable-threads=posix
Thread model: posix
Supported LTO compression algorithms: zlib
gcc version 12.4.0 (conda-forge gcc 12.4.0-0) 
configure:3629: $? = 0
configure:3618: gcc -V >&5
gcc: error: unrecognized command-line option '-V'
gcc: fatal error: no input files
compilation terminated.
configure:3629: $? = 1
configure:3618: gcc -qversion >&5
gcc: error: unrecognized command-line option '-qversion'; did you mean '--version'?
gcc: fatal error: no input files
compilation terminated.
configure:3629: $? = 1
configure:3618: gcc -version >&5
gcc: error: unrecognized command-line option '-version'
gcc: fatal error: no input files
compilation terminated.
configure:3629: $? = 1
configure:3649: checking whether the C compiler works
configure:3671: gcc    conftest.c  >&5
configure:3675: $? = 0
configure:3725: result: yes
configure:3728: checking for C compiler default output file name
configure:3730: result: a.out
configure:3736: checking for suffix of executables
configure:3743: gcc -o conftest    conftest.c  >&5
configure:3747: $? = 0
configure:3770: result: 
configure:3792: checking whether we are cross compiling
configure:3800: gcc -o conftest    conftest.c  >&5
configure:3804: $? = 0
configure:3811: ./conftest
configure:3815: $? = 0
configure:3830: result: no
configure:3835: checking for suffix of object files
configure:3858: gcc -c   conftest.c >&5
configure:3862: $? = 0
configure:3884: result: o
configure:3888: checking whether the compiler supports GNU C
configure:3908: gcc -c   conftest.c >&5
configure:3908: $? = 0
configure:3918: result: yes
configure:3929: checking whether gcc accepts -g
configure:3950: gcc -c -g  conftest.c >&5
configure:3950: $? = 0
configure:3994: result: yes
configure:4014: checking for gcc option to enable C11 features
configure:4029: gcc  -c   conftest.c >&5
configure:4029: $? = 0
configure:4047: result: none needed
configure:4342: checking for gcc
configure:4374: result: gcc
configure:4727: checking for C compiler version
configure:4736: gcc --version >&5
gcc (conda-forge gcc 12.4.0-0) 12.4.0
Copyright (C) 2022 Free Software Foundation, Inc.
This is free software; see the source for copying conditions.  There is NO
warranty; not even for MERCHANTABILITY or FITNESS FOR A PARTICULAR PURPOSE.

configure:4747: $? = 0
configure:4736: gcc -v >&5
Reading specs from /home/patrickstyll/fsl/bin/../lib/gcc/x86_64-conda-linux-gnu/12.4.0/specs
could not find specs file conda.specs
COLLECT_GCC=gcc
COLLECT_LTO_WRAPPER=/home/patrickstyll/fsl/bin/../libexec/gcc/x86_64-conda-linux-gnu/12.4.0/lto-wrapper
Target: x86_64-conda-linux-gnu
Configured with: ../configure --prefix=/home/conda/feedstock_root/build_artifacts/gcc_compilers_1719535637166/_h_env_placehold_placehold_placehold_placehold_placehold_placehold_placehold_placehold_placehold_placehold_placehold_placehold_placehold_placehold_placehold_placehold_placehold_placeho --with-slibdir=/home/conda/feedstock_root/build_artifacts/gcc_compilers_1719535637166/_h_env_placehold_placehold_placehold_placehold_placehold_placehold_placehold_placehold_placehold_placehold_placehold_placehold_placehold_placehold_placehold_placehold_placehold_placeho/lib --libdir=/home/conda/feedstock_root/build_artifacts/gcc_compilers_1719535637166/_h_env_placehold_placehold_placehold_placehold_placehold_placehold_placehold_placehold_placehold_placehold_placehold_placehold_placehold_placehold_placehold_placehold_placehold_placeho/lib --mandir=/home/conda/feedstock_root/build_artifacts/gcc_compilers_1719535637166/_h_env_placehold_placehold_placehold_placehold_placehold_placehold_placehold_placehold_placehold_placehold_placehold_placehold_placehold_placehold_placehold_placehold_placehold_placeho/man --build=x86_64-conda-linux-gnu --host=x86_64-conda-linux-gnu --target=x86_64-conda-linux-gnu --enable-languages=c,c++,fortran,objc,obj-c++ --enable-__cxa_atexit --disable-libmudflap --enable-libgomp --disable-libssp --enable-libquadmath --enable-libquadmath-support --enable-lto --enable-target-optspace --enable-plugin --enable-gold --disable-nls --disable-bootstrap --disable-multilib --enable-long-long --with-sysroot=/home/conda/feedstock_root/build_artifacts/gcc_compilers_1719535637166/_h_env_placehold_placehold_placehold_placehold_placehold_placehold_placehold_placehold_placehold_placehold_placehold_placehold_placehold_placehold_placehold_placehold_placehold_placeho/x86_64-conda-linux-gnu/sysroot --with-build-sysroot=/home/conda/feedstock_root/build_artifacts/gcc_compilers_1719535637166/work/cf-compilers/x86_64-conda-linux-gnu/sysroot --with-native-system-header-dir=/usr/include --with-gxx-include-dir=/home/conda/feedstock_root/build_artifacts/gcc_compilers_1719535637166/_h_env_placehold_placehold_placehold_placehold_placehold_placehold_placehold_placehold_placehold_placehold_placehold_placehold_placehold_placehold_placehold_placehold_placehold_placeho/lib/gcc/x86_64-conda-linux-gnu/12.4.0/include/c++ --with-pkgversion='conda-forge gcc 12.4.0-0' --with-bugurl=https://github.com/conda-forge/ctng-compilers-feedstock/issues/new/choose --enable-libsanitizer --enable-default-pie --enable-threads=posix
Thread model: posix
Supported LTO compression algorithms: zlib
gcc version 12.4.0 (conda-forge gcc 12.4.0-0) 
configure:4747: $? = 0
configure:4736: gcc -V >&5
gcc: error: unrecognized command-line option '-V'
gcc: fatal error: no input files
compilation terminated.
configure:4747: $? = 1
configure:4736: gcc -qversion >&5
gcc: error: unrecognized command-line option '-qversion'; did you mean '--version'?
gcc: fatal error: no input files
compilation terminated.
configure:4747: $? = 1
configure:4736: gcc -version >&5
gcc: error: unrecognized command-line option '-version'
gcc: fatal error: no input files
compilation terminated.
configure:4747: $? = 1
configure:4751: checking whether the compiler supports GNU C
configure:4781: result: yes
configure:4792: checking whether gcc accepts -g
configure:4857: result: yes
configure:4877: checking for gcc option to enable C11 features
configure:4910: result: none needed
configure:5027: checking how to run the C preprocessor
configure:5053: gcc -E  conftest.c
configure:5053: $? = 0
configure:5068: gcc -E  conftest.c
conftest.c:20:10: fatal error: ac_nonexistent.h: No such file or directory
   20 | #include <ac_nonexistent.h>
      |          ^~~~~~~~~~~~~~~~~~
compilation terminated.
configure:5068: $? = 1
configure: failed program was:
| /* confdefs.h */
| #define PACKAGE_NAME "HMMER"
| #define PACKAGE_TARNAME "hmmer"
| #define PACKAGE_VERSION "3.4"
| #define PACKAGE_STRING "HMMER 3.4"
| #define PACKAGE_BUGREPORT "sean@eddylab.org"
| #define PACKAGE_URL ""
| #define HMMER_DATE "Aug 2023"
| #define HMMER_COPYRIGHT "Copyright (C) 2023 Howard Hughes Medical Institute."
| #define HMMER_LICENSE "Freely distributed under the BSD open source license."
| #define HMMER_VERSION "3.4"
| #define HMMER_URL "http://hmmer.org/"
| #define EASEL_DATE "Aug 2023"
| #define EASEL_COPYRIGHT "Copyright (C) 2023 Howard Hughes Medical Institute."
| #define EASEL_LICENSE "Freely distributed under the BSD open source license."
| #define EASEL_VERSION "0.49"
| #define EASEL_URL "http://bioeasel.org/"
| #define eslDEBUGLEVEL 0
| /* end confdefs.h.  */
| #include <ac_nonexistent.h>
configure:5095: result: gcc -E
configure:5109: gcc -E  conftest.c
configure:5109: $? = 0
configure:5124: gcc -E  conftest.c
conftest.c:20:10: fatal error: ac_nonexistent.h: No such file or directory
   20 | #include <ac_nonexistent.h>
      |          ^~~~~~~~~~~~~~~~~~
compilation terminated.
configure:5124: $? = 1
configure: failed program was:
| /* confdefs.h */
| #define PACKAGE_NAME "HMMER"
| #define PACKAGE_TARNAME "hmmer"
| #define PACKAGE_VERSION "3.4"
| #define PACKAGE_STRING "HMMER 3.4"
| #define PACKAGE_BUGREPORT "sean@eddylab.org"
| #define PACKAGE_URL ""
| #define HMMER_DATE "Aug 2023"
| #define HMMER_COPYRIGHT "Copyright (C) 2023 Howard Hughes Medical Institute."
| #define HMMER_LICENSE "Freely distributed under the BSD open source license."
| #define HMMER_VERSION "3.4"
| #define HMMER_URL "http://hmmer.org/"
| #define EASEL_DATE "Aug 2023"
| #define EASEL_COPYRIGHT "Copyright (C) 2023 Howard Hughes Medical Institute."
| #define EASEL_LICENSE "Freely distributed under the BSD open source license."
| #define EASEL_VERSION "0.49"
| #define EASEL_URL "http://bioeasel.org/"
| #define eslDEBUGLEVEL 0
| /* end confdefs.h.  */
| #include <ac_nonexistent.h>
configure:5169: checking for a BSD-compatible install
configure:5242: result: /usr/bin/install -c
configure:5301: checking for strip
configure:5322: found /home/patrickstyll/fsl/bin/strip
configure:5333: result: strip
configure:5403: checking for ranlib
configure:5424: found /home/patrickstyll/fsl/bin/ranlib
configure:5435: result: ranlib
configure:5459: checking for ar
configure:5483: found /home/patrickstyll/fsl/bin/ar
configure:5496: result: /home/patrickstyll/fsl/bin/ar
configure:5504: checking whether ln -s works
configure:5508: result: yes
configure:5685: checking for a sed that does not truncate output
configure:5755: result: /usr/bin/sed
configure:5761: checking for grep that handles long lines and -e
configure:5825: result: /usr/bin/grep
configure:5830: checking for egrep
configure:5898: result: /usr/bin/grep -E
configure:6063: checking whether gcc is Clang
configure:6090: result: no
configure:6155: checking whether pthreads work with "-pthread" and "-lpthread"
configure:6266: gcc -o conftest -O3 -pthread   conftest.c -lpthread  >&5
configure:6266: $? = 0
configure:6276: result: yes
configure:6399: checking for joinable pthread attribute
configure:6418: gcc -o conftest -O3 -pthread   conftest.c -lpthread  >&5
configure:6418: $? = 0
configure:6427: result: PTHREAD_CREATE_JOINABLE
configure:6440: checking whether more special flags are required for pthreads
configure:6454: result: no
configure:6463: checking for PTHREAD_PRIO_INHERIT
configure:6481: gcc -o conftest -O3 -pthread   conftest.c -lpthread  >&5
configure:6481: $? = 0
configure:6491: result: yes
configure:6706: checking whether gcc can compile our NEON code
configure:6739: gcc -o conftest -O3   conftest.c  >&5
conftest.c:25:10: fatal error: arm_neon.h: No such file or directory
   25 | #include <arm_neon.h>
      |          ^~~~~~~~~~~~
compilation terminated.
configure:6739: $? = 1
configure: failed program was:
| /* confdefs.h */
| #define PACKAGE_NAME "HMMER"
| #define PACKAGE_TARNAME "hmmer"
| #define PACKAGE_VERSION "3.4"
| #define PACKAGE_STRING "HMMER 3.4"
| #define PACKAGE_BUGREPORT "sean@eddylab.org"
| #define PACKAGE_URL ""
| #define HMMER_DATE "Aug 2023"
| #define HMMER_COPYRIGHT "Copyright (C) 2023 Howard Hughes Medical Institute."
| #define HMMER_LICENSE "Freely distributed under the BSD open source license."
| #define HMMER_VERSION "3.4"
| #define HMMER_URL "http://hmmer.org/"
| #define EASEL_DATE "Aug 2023"
| #define EASEL_COPYRIGHT "Copyright (C) 2023 Howard Hughes Medical Institute."
| #define EASEL_LICENSE "Freely distributed under the BSD open source license."
| #define EASEL_VERSION "0.49"
| #define EASEL_URL "http://bioeasel.org/"
| #define eslDEBUGLEVEL 0
| #define HAVE_PTHREAD_PRIO_INHERIT 1
| #define HAVE_PTHREAD 1
| #define HMMER_THREADS 1
| /* end confdefs.h.  */
| 
| #include <stdint.h>
| #include <arm_neon.h>
| int stub_neon(void) {
|   int32x4_t v1 = vdupq_n_s32(42);
|   int32x4_t v2 = vdupq_n_s32(86);
|   union { int32x4_t v; int32_t x[4]; } v3;
|   v3.v = vaddq_s32(v1, v2);
|   return (int) v3.x[0];
| }
| int main(void) { if (stub_neon() != 128) return 1; else return 0; }
| 
configure:6739: gcc -o conftest -O3 -mfpu=neon   conftest.c  >&5
gcc: error: unrecognized command-line option '-mfpu=neon'
configure:6739: $? = 1
configure: failed program was:
| /* confdefs.h */
| #define PACKAGE_NAME "HMMER"
| #define PACKAGE_TARNAME "hmmer"
| #define PACKAGE_VERSION "3.4"
| #define PACKAGE_STRING "HMMER 3.4"
| #define PACKAGE_BUGREPORT "sean@eddylab.org"
| #define PACKAGE_URL ""
| #define HMMER_DATE "Aug 2023"
| #define HMMER_COPYRIGHT "Copyright (C) 2023 Howard Hughes Medical Institute."
| #define HMMER_LICENSE "Freely distributed under the BSD open source license."
| #define HMMER_VERSION "3.4"
| #define HMMER_URL "http://hmmer.org/"
| #define EASEL_DATE "Aug 2023"
| #define EASEL_COPYRIGHT "Copyright (C) 2023 Howard Hughes Medical Institute."
| #define EASEL_LICENSE "Freely distributed under the BSD open source license."
| #define EASEL_VERSION "0.49"
| #define EASEL_URL "http://bioeasel.org/"
| #define eslDEBUGLEVEL 0
| #define HAVE_PTHREAD_PRIO_INHERIT 1
| #define HAVE_PTHREAD 1
| #define HMMER_THREADS 1
| /* end confdefs.h.  */
| 
| #include <stdint.h>
| #include <arm_neon.h>
| int stub_neon(void) {
|   int32x4_t v1 = vdupq_n_s32(42);
|   int32x4_t v2 = vdupq_n_s32(86);
|   union { int32x4_t v; int32_t x[4]; } v3;
|   v3.v = vaddq_s32(v1, v2);
|   return (int) v3.x[0];
| }
| int main(void) { if (stub_neon() != 128) return 1; else return 0; }
| 
configure:6767: gcc -o conftest -O3 -mfpu=neon   conftest.c  >&5
gcc: error: unrecognized command-line option '-mfpu=neon'
configure:6767: $? = 1
configure: failed program was:
| /* confdefs.h */
| #define PACKAGE_NAME "HMMER"
| #define PACKAGE_TARNAME "hmmer"
| #define PACKAGE_VERSION "3.4"
| #define PACKAGE_STRING "HMMER 3.4"
| #define PACKAGE_BUGREPORT "sean@eddylab.org"
| #define PACKAGE_URL ""
| #define HMMER_DATE "Aug 2023"
| #define HMMER_COPYRIGHT "Copyright (C) 2023 Howard Hughes Medical Institute."
| #define HMMER_LICENSE "Freely distributed under the BSD open source license."
| #define HMMER_VERSION "3.4"
| #define HMMER_URL "http://hmmer.org/"
| #define EASEL_DATE "Aug 2023"
| #define EASEL_COPYRIGHT "Copyright (C) 2023 Howard Hughes Medical Institute."
| #define EASEL_LICENSE "Freely distributed under the BSD open source license."
| #define EASEL_VERSION "0.49"
| #define EASEL_URL "http://bioeasel.org/"
| #define eslDEBUGLEVEL 0
| #define HAVE_PTHREAD_PRIO_INHERIT 1
| #define HAVE_PTHREAD 1
| #define HMMER_THREADS 1
| /* end confdefs.h.  */
| 
| #include <stdint.h>
| #include <arm_neon.h>
| int main(void) {
|   int16x8_t   a1 = { 1, 2, 8, 3, 4, 5, 6, 7 };
|   int16_t     r1 = vmaxvq_s16(a1); // = 8 : horizontal max
|   uint8x16_t  a2 = { 1, 2, 16, 3, 4, 5, 6, 7, 8, 9, 10, 11, 12, 13, 14, 15 };
|   uint8_t     r2 = vmaxvq_u8(a2);  // = 16 : horizontal max
|   float32x4_t a3 = { 1.0, 2.0, 3.0, 4.0 };
|   float       r3 = vaddvq_f32(a3); // = 10.0 : horizontal sum
|   return 0;
| }
| 
configure:6776: result: no
configure:6836: checking whether gcc can compile our Altivec/VMX code
configure:6868: gcc -o conftest -O3   conftest.c  >&5
conftest.c:24:10: fatal error: altivec.h: No such file or directory
   24 | #include <altivec.h>
      |          ^~~~~~~~~~~
compilation terminated.
configure:6868: $? = 1
configure: failed program was:
| /* confdefs.h */
| #define PACKAGE_NAME "HMMER"
| #define PACKAGE_TARNAME "hmmer"
| #define PACKAGE_VERSION "3.4"
| #define PACKAGE_STRING "HMMER 3.4"
| #define PACKAGE_BUGREPORT "sean@eddylab.org"
| #define PACKAGE_URL ""
| #define HMMER_DATE "Aug 2023"
| #define HMMER_COPYRIGHT "Copyright (C) 2023 Howard Hughes Medical Institute."
| #define HMMER_LICENSE "Freely distributed under the BSD open source license."
| #define HMMER_VERSION "3.4"
| #define HMMER_URL "http://hmmer.org/"
| #define EASEL_DATE "Aug 2023"
| #define EASEL_COPYRIGHT "Copyright (C) 2023 Howard Hughes Medical Institute."
| #define EASEL_LICENSE "Freely distributed under the BSD open source license."
| #define EASEL_VERSION "0.49"
| #define EASEL_URL "http://bioeasel.org/"
| #define eslDEBUGLEVEL 0
| #define HAVE_PTHREAD_PRIO_INHERIT 1
| #define HAVE_PTHREAD 1
| #define HMMER_THREADS 1
| /* end confdefs.h.  */
| 
| #include <altivec.h>
| #include <stdint.h>
| int stub_vmx(void) {
| vector signed int v1,v2;
| union { vector signed int v; int32_t x[4]; } v3;
| v1   = vec_splat_s32(6);
| v2   = vec_splat_s32(12);
| v3.v = vec_add(v1,v2);
| return (int) v3.x[0];}
| int main(void) { if (stub_vmx() != 18) return 1; else return 0; }
| 
configure:6868: gcc -o conftest -O3 -maltivec   conftest.c  >&5
gcc: error: unrecognized command-line option '-maltivec'
configure:6868: $? = 1
configure: failed program was:
| /* confdefs.h */
| #define PACKAGE_NAME "HMMER"
| #define PACKAGE_TARNAME "hmmer"
| #define PACKAGE_VERSION "3.4"
| #define PACKAGE_STRING "HMMER 3.4"
| #define PACKAGE_BUGREPORT "sean@eddylab.org"
| #define PACKAGE_URL ""
| #define HMMER_DATE "Aug 2023"
| #define HMMER_COPYRIGHT "Copyright (C) 2023 Howard Hughes Medical Institute."
| #define HMMER_LICENSE "Freely distributed under the BSD open source license."
| #define HMMER_VERSION "3.4"
| #define HMMER_URL "http://hmmer.org/"
| #define EASEL_DATE "Aug 2023"
| #define EASEL_COPYRIGHT "Copyright (C) 2023 Howard Hughes Medical Institute."
| #define EASEL_LICENSE "Freely distributed under the BSD open source license."
| #define EASEL_VERSION "0.49"
| #define EASEL_URL "http://bioeasel.org/"
| #define eslDEBUGLEVEL 0
| #define HAVE_PTHREAD_PRIO_INHERIT 1
| #define HAVE_PTHREAD 1
| #define HMMER_THREADS 1
| /* end confdefs.h.  */
| 
| #include <altivec.h>
| #include <stdint.h>
| int stub_vmx(void) {
| vector signed int v1,v2;
| union { vector signed int v; int32_t x[4]; } v3;
| v1   = vec_splat_s32(6);
| v2   = vec_splat_s32(12);
| v3.v = vec_add(v1,v2);
| return (int) v3.x[0];}
| int main(void) { if (stub_vmx() != 18) return 1; else return 0; }
| 
configure:6868: gcc -o conftest -O3 -faltivec   conftest.c  >&5
gcc: error: unrecognized command-line option '-faltivec'
configure:6868: $? = 1
configure: failed program was:
| /* confdefs.h */
| #define PACKAGE_NAME "HMMER"
| #define PACKAGE_TARNAME "hmmer"
| #define PACKAGE_VERSION "3.4"
| #define PACKAGE_STRING "HMMER 3.4"
| #define PACKAGE_BUGREPORT "sean@eddylab.org"
| #define PACKAGE_URL ""
| #define HMMER_DATE "Aug 2023"
| #define HMMER_COPYRIGHT "Copyright (C) 2023 Howard Hughes Medical Institute."
| #define HMMER_LICENSE "Freely distributed under the BSD open source license."
| #define HMMER_VERSION "3.4"
| #define HMMER_URL "http://hmmer.org/"
| #define EASEL_DATE "Aug 2023"
| #define EASEL_COPYRIGHT "Copyright (C) 2023 Howard Hughes Medical Institute."
| #define EASEL_LICENSE "Freely distributed under the BSD open source license."
| #define EASEL_VERSION "0.49"
| #define EASEL_URL "http://bioeasel.org/"
| #define eslDEBUGLEVEL 0
| #define HAVE_PTHREAD_PRIO_INHERIT 1
| #define HAVE_PTHREAD 1
| #define HMMER_THREADS 1
| /* end confdefs.h.  */
| 
| #include <altivec.h>
| #include <stdint.h>
| int stub_vmx(void) {
| vector signed int v1,v2;
| union { vector signed int v; int32_t x[4]; } v3;
| v1   = vec_splat_s32(6);
| v2   = vec_splat_s32(12);
| v3.v = vec_add(v1,v2);
| return (int) v3.x[0];}
| int main(void) { if (stub_vmx() != 18) return 1; else return 0; }
| 
configure:6878: result: no
configure:6921: checking whether gcc can compile our SSE code
configure:6953: gcc -o conftest -O3   conftest.c  >&5
configure:6953: $? = 0
configure:6968: result: yes
configure:7132: Activating Intel/AMD SSE vector DP implementation
configure:7166: checking whether _MM_SET_FLUSH_ZERO_MODE is supported
configure:7182: gcc -c -O3   conftest.c >&5
configure:7182: $? = 0
configure:7184: result: yes
configure:7201: checking compiler support --start-group
configure:7216: gcc -o conftest -O3  -Wl,--start-group -Wl,--end-group  conftest.c  >&5
configure:7216: $? = 0
configure:7218: result: yes
configure:7239: checking for gzip
configure:7262: found /usr/bin/gzip
configure:7275: result: /usr/bin/gzip
configure:7298: checking for python3
configure:7319: found /home/patrickstyll/fsl/bin/python3
configure:7330: result: yes
configure:7404: checking for library containing clock_gettime
configure:7434: gcc -o conftest -O3   conftest.c  >&5
configure:7434: $? = 0
configure:7454: result: none required
configure:7474: checking for stdio.h
configure:7474: gcc -c -O3  conftest.c >&5
configure:7474: $? = 0
configure:7474: result: yes
configure:7474: checking for stdlib.h
configure:7474: gcc -c -O3  conftest.c >&5
configure:7474: $? = 0
configure:7474: result: yes
configure:7474: checking for string.h
configure:7474: gcc -c -O3  conftest.c >&5
configure:7474: $? = 0
configure:7474: result: yes
configure:7474: checking for inttypes.h
configure:7474: gcc -c -O3  conftest.c >&5
configure:7474: $? = 0
configure:7474: result: yes
configure:7474: checking for stdint.h
configure:7474: gcc -c -O3  conftest.c >&5
configure:7474: $? = 0
configure:7474: result: yes
configure:7474: checking for strings.h
configure:7474: gcc -c -O3  conftest.c >&5
configure:7474: $? = 0
configure:7474: result: yes
configure:7474: checking for sys/stat.h
configure:7474: gcc -c -O3  conftest.c >&5
configure:7474: $? = 0
configure:7474: result: yes
configure:7474: checking for sys/types.h
configure:7474: gcc -c -O3  conftest.c >&5
configure:7474: $? = 0
configure:7474: result: yes
configure:7474: checking for unistd.h
configure:7474: gcc -c -O3  conftest.c >&5
configure:7474: $? = 0
configure:7474: result: yes
configure:7499: checking for endian.h
configure:7499: gcc -c -O3  conftest.c >&5
configure:7499: $? = 0
configure:7499: result: yes
configure:7505: checking for inttypes.h
configure:7505: result: yes
configure:7511: checking for stdint.h
configure:7511: result: yes
configure:7517: checking for unistd.h
configure:7517: result: yes
configure:7523: checking for sys/types.h
configure:7523: result: yes
configure:7529: checking for netinet/in.h
configure:7529: gcc -c -O3  conftest.c >&5
configure:7529: $? = 0
configure:7529: result: yes
configure:7540: checking for sys/param.h
configure:7540: gcc -c -O3  conftest.c >&5
configure:7540: $? = 0
configure:7540: result: yes
configure:7547: checking for sys/sysctl.h
configure:7547: gcc -c -O3  conftest.c >&5
configure:7547: $? = 0
configure:7547: result: yes
configure:7598: checking for uint8_t
configure:7598: gcc -c -O3  conftest.c >&5
configure:7598: $? = 0
configure:7598: result: yes
configure:7610: checking for uint16_t
configure:7610: gcc -c -O3  conftest.c >&5
configure:7610: $? = 0
configure:7610: result: yes
configure:7620: checking for uint32_t
configure:7620: gcc -c -O3  conftest.c >&5
configure:7620: $? = 0
configure:7620: result: yes
configure:7632: checking for uint64_t
configure:7632: gcc -c -O3  conftest.c >&5
configure:7632: $? = 0
configure:7632: result: yes
configure:7644: checking for off_t
configure:7644: gcc -c -O3  conftest.c >&5
configure:7644: $? = 0
configure:7644: gcc -c -O3  conftest.c >&5
conftest.c: In function 'main':
conftest.c:75:20: error: expected expression before ')' token
   75 | if (sizeof ((off_t)))
      |                    ^
configure:7644: $? = 1
configure: failed program was:
| /* confdefs.h */
| #define PACKAGE_NAME "HMMER"
| #define PACKAGE_TARNAME "hmmer"
| #define PACKAGE_VERSION "3.4"
| #define PACKAGE_STRING "HMMER 3.4"
| #define PACKAGE_BUGREPORT "sean@eddylab.org"
| #define PACKAGE_URL ""
| #define HMMER_DATE "Aug 2023"
| #define HMMER_COPYRIGHT "Copyright (C) 2023 Howard Hughes Medical Institute."
| #define HMMER_LICENSE "Freely distributed under the BSD open source license."
| #define HMMER_VERSION "3.4"
| #define HMMER_URL "http://hmmer.org/"
| #define EASEL_DATE "Aug 2023"
| #define EASEL_COPYRIGHT "Copyright (C) 2023 Howard Hughes Medical Institute."
| #define EASEL_LICENSE "Freely distributed under the BSD open source license."
| #define EASEL_VERSION "0.49"
| #define EASEL_URL "http://bioeasel.org/"
| #define eslDEBUGLEVEL 0
| #define HAVE_PTHREAD_PRIO_INHERIT 1
| #define HAVE_PTHREAD 1
| #define HMMER_THREADS 1
| #define eslENABLE_SSE 1
| #define HAVE_FLUSH_ZERO_MODE 1
| #define HAVE_GZIP 1
| #define HAVE_STDIO_H 1
| #define HAVE_STDLIB_H 1
| #define HAVE_STRING_H 1
| #define HAVE_INTTYPES_H 1
| #define HAVE_STDINT_H 1
| #define HAVE_STRINGS_H 1
| #define HAVE_SYS_STAT_H 1
| #define HAVE_SYS_TYPES_H 1
| #define HAVE_UNISTD_H 1
| #define STDC_HEADERS 1
| #define HAVE_ENDIAN_H 1
| #define HAVE_INTTYPES_H 1
| #define HAVE_STDINT_H 1
| #define HAVE_UNISTD_H 1
| #define HAVE_SYS_TYPES_H 1
| #define HAVE_NETINET_IN_H 1
| #define HAVE_SYS_PARAM_H 1
| #define HAVE_SYS_SYSCTL_H 1
| /* end confdefs.h.  */
| #include <stddef.h>
| #ifdef HAVE_STDIO_H
| # include <stdio.h>
| #endif
| #ifdef HAVE_STDLIB_H
| # include <stdlib.h>
| #endif
| #ifdef HAVE_STRING_H
| # include <string.h>
| #endif
| #ifdef HAVE_INTTYPES_H
| # include <inttypes.h>
| #endif
| #ifdef HAVE_STDINT_H
| # include <stdint.h>
| #endif
| #ifdef HAVE_STRINGS_H
| # include <strings.h>
| #endif
| #ifdef HAVE_SYS_TYPES_H
| # include <sys/types.h>
| #endif
| #ifdef HAVE_SYS_STAT_H
| # include <sys/stat.h>
| #endif
| #ifdef HAVE_UNISTD_H
| # include <unistd.h>
| #endif
| int
| main (void)
| {
| if (sizeof ((off_t)))
| 	    return 0;
|   ;
|   return 0;
| }
configure:7644: result: yes
configure:7665: checking whether byte ordering is bigendian
configure:7681: gcc -c -O3  conftest.c >&5
conftest.c:45:16: error: unknown type name 'not'
   45 |                not a universal capable compiler
      |                ^~~
conftest.c:45:22: error: expected '=', ',', ';', 'asm' or '__attribute__' before 'universal'
   45 |                not a universal capable compiler
      |                      ^~~~~~~~~
conftest.c:45:22: error: unknown type name 'universal'
configure:7681: $? = 1
configure: failed program was:
| /* confdefs.h */
| #define PACKAGE_NAME "HMMER"
| #define PACKAGE_TARNAME "hmmer"
| #define PACKAGE_VERSION "3.4"
| #define PACKAGE_STRING "HMMER 3.4"
| #define PACKAGE_BUGREPORT "sean@eddylab.org"
| #define PACKAGE_URL ""
| #define HMMER_DATE "Aug 2023"
| #define HMMER_COPYRIGHT "Copyright (C) 2023 Howard Hughes Medical Institute."
| #define HMMER_LICENSE "Freely distributed under the BSD open source license."
| #define HMMER_VERSION "3.4"
| #define HMMER_URL "http://hmmer.org/"
| #define EASEL_DATE "Aug 2023"
| #define EASEL_COPYRIGHT "Copyright (C) 2023 Howard Hughes Medical Institute."
| #define EASEL_LICENSE "Freely distributed under the BSD open source license."
| #define EASEL_VERSION "0.49"
| #define EASEL_URL "http://bioeasel.org/"
| #define eslDEBUGLEVEL 0
| #define HAVE_PTHREAD_PRIO_INHERIT 1
| #define HAVE_PTHREAD 1
| #define HMMER_THREADS 1
| #define eslENABLE_SSE 1
| #define HAVE_FLUSH_ZERO_MODE 1
| #define HAVE_GZIP 1
| #define HAVE_STDIO_H 1
| #define HAVE_STDLIB_H 1
| #define HAVE_STRING_H 1
| #define HAVE_INTTYPES_H 1
| #define HAVE_STDINT_H 1
| #define HAVE_STRINGS_H 1
| #define HAVE_SYS_STAT_H 1
| #define HAVE_SYS_TYPES_H 1
| #define HAVE_UNISTD_H 1
| #define STDC_HEADERS 1
| #define HAVE_ENDIAN_H 1
| #define HAVE_INTTYPES_H 1
| #define HAVE_STDINT_H 1
| #define HAVE_UNISTD_H 1
| #define HAVE_SYS_TYPES_H 1
| #define HAVE_NETINET_IN_H 1
| #define HAVE_SYS_PARAM_H 1
| #define HAVE_SYS_SYSCTL_H 1
| /* end confdefs.h.  */
| #ifndef __APPLE_CC__
| 	       not a universal capable compiler
| 	     #endif
| 	     typedef int dummy;
| 
configure:7727: gcc -c -O3  conftest.c >&5
configure:7727: $? = 0
configure:7746: gcc -c -O3  conftest.c >&5
conftest.c: In function 'main':
conftest.c:51:18: error: unknown type name 'not'; did you mean 'ino_t'?
   51 |                  not big endian
      |                  ^~~
      |                  ino_t
conftest.c:51:26: error: expected '=', ',', ';', 'asm' or '__attribute__' before 'endian'
   51 |                  not big endian
      |                          ^~~~~~
configure:7746: $? = 1
configure: failed program was:
| /* confdefs.h */
| #define PACKAGE_NAME "HMMER"
| #define PACKAGE_TARNAME "hmmer"
| #define PACKAGE_VERSION "3.4"
| #define PACKAGE_STRING "HMMER 3.4"
| #define PACKAGE_BUGREPORT "sean@eddylab.org"
| #define PACKAGE_URL ""
| #define HMMER_DATE "Aug 2023"
| #define HMMER_COPYRIGHT "Copyright (C) 2023 Howard Hughes Medical Institute."
| #define HMMER_LICENSE "Freely distributed under the BSD open source license."
| #define HMMER_VERSION "3.4"
| #define HMMER_URL "http://hmmer.org/"
| #define EASEL_DATE "Aug 2023"
| #define EASEL_COPYRIGHT "Copyright (C) 2023 Howard Hughes Medical Institute."
| #define EASEL_LICENSE "Freely distributed under the BSD open source license."
| #define EASEL_VERSION "0.49"
| #define EASEL_URL "http://bioeasel.org/"
| #define eslDEBUGLEVEL 0
| #define HAVE_PTHREAD_PRIO_INHERIT 1
| #define HAVE_PTHREAD 1
| #define HMMER_THREADS 1
| #define eslENABLE_SSE 1
| #define HAVE_FLUSH_ZERO_MODE 1
| #define HAVE_GZIP 1
| #define HAVE_STDIO_H 1
| #define HAVE_STDLIB_H 1
| #define HAVE_STRING_H 1
| #define HAVE_INTTYPES_H 1
| #define HAVE_STDINT_H 1
| #define HAVE_STRINGS_H 1
| #define HAVE_SYS_STAT_H 1
| #define HAVE_SYS_TYPES_H 1
| #define HAVE_UNISTD_H 1
| #define STDC_HEADERS 1
| #define HAVE_ENDIAN_H 1
| #define HAVE_INTTYPES_H 1
| #define HAVE_STDINT_H 1
| #define HAVE_UNISTD_H 1
| #define HAVE_SYS_TYPES_H 1
| #define HAVE_NETINET_IN_H 1
| #define HAVE_SYS_PARAM_H 1
| #define HAVE_SYS_SYSCTL_H 1
| /* end confdefs.h.  */
| #include <sys/types.h>
| 		#include <sys/param.h>
| 
| int
| main (void)
| {
| #if BYTE_ORDER != BIG_ENDIAN
| 		 not big endian
| 		#endif
| 
|   ;
|   return 0;
| }
configure:7880: result: no
configure:7980: checking for __attribute__((noreturn))
configure:8002: gcc -o conftest -O3   conftest.c  >&5
configure:8002: $? = 0
configure:8017: result: yes
configure:8048: checking for __attribute__((format))
configure:8070: gcc -o conftest -O3   conftest.c  >&5
configure:8070: $? = 0
configure:8085: result: yes
configure:8104: checking for mkstemp
configure:8104: gcc -o conftest -O3   conftest.c  >&5
configure:8104: $? = 0
configure:8104: result: yes
configure:8111: checking for popen
configure:8111: gcc -o conftest -O3   conftest.c  >&5
configure:8111: $? = 0
configure:8111: result: yes
configure:8118: checking for putenv
configure:8118: gcc -o conftest -O3   conftest.c  >&5
configure:8118: $? = 0
configure:8118: result: yes
configure:8125: checking for strcasecmp
configure:8125: gcc -o conftest -O3   conftest.c  >&5
conftest.c:65:6: warning: conflicting types for built-in function 'strcasecmp'; expected 'int(const char *, const char *)' [-Wbuiltin-declaration-mismatch]
   65 | char strcasecmp ();
      |      ^~~~~~~~~~
configure:8125: $? = 0
configure:8125: result: yes
configure:8132: checking for strsep
configure:8132: gcc -o conftest -O3   conftest.c  >&5
configure:8132: $? = 0
configure:8132: result: yes
configure:8139: checking for times
configure:8139: gcc -o conftest -O3   conftest.c  >&5
configure:8139: $? = 0
configure:8139: result: yes
configure:8146: checking for getpid
configure:8146: gcc -o conftest -O3   conftest.c  >&5
configure:8146: $? = 0
configure:8146: result: yes
configure:8153: checking for sysctl
configure:8153: gcc -o conftest -O3   conftest.c  >&5
configure:8153: $? = 0
configure:8153: result: yes
configure:8160: checking for sysconf
configure:8160: gcc -o conftest -O3   conftest.c  >&5
configure:8160: $? = 0
configure:8160: result: yes
configure:8167: checking for getcwd
configure:8167: gcc -o conftest -O3   conftest.c  >&5
configure:8167: $? = 0
configure:8167: result: yes
configure:8174: checking for chmod
configure:8174: gcc -o conftest -O3   conftest.c  >&5
configure:8174: $? = 0
configure:8174: result: yes
configure:8181: checking for stat
configure:8181: gcc -o conftest -O3   conftest.c  >&5
configure:8181: $? = 0
configure:8181: result: yes
configure:8188: checking for fstat
configure:8188: gcc -o conftest -O3   conftest.c  >&5
configure:8188: $? = 0
configure:8188: result: yes
configure:8195: checking for erfc
configure:8195: gcc -o conftest -O3   conftest.c  >&5
conftest.c:75:6: warning: conflicting types for built-in function 'erfc'; expected 'double(double)' [-Wbuiltin-declaration-mismatch]
   75 | char erfc ();
      |      ^~~~
conftest.c:67:1: note: 'erfc' is declared in header '<math.h>'
   66 | #include <limits.h>
   67 | #undef erfc
/home/patrickstyll/fsl/bin/../lib/gcc/x86_64-conda-linux-gnu/12.4.0/../../../../x86_64-conda-linux-gnu/bin/ld: /tmp/cc3twXFG.o: in function `main':
conftest.c:(.text.startup+0x7): undefined reference to `erfc'
collect2: error: ld returned 1 exit status
configure:8195: $? = 1
configure: failed program was:
| /* confdefs.h */
| #define PACKAGE_NAME "HMMER"
| #define PACKAGE_TARNAME "hmmer"
| #define PACKAGE_VERSION "3.4"
| #define PACKAGE_STRING "HMMER 3.4"
| #define PACKAGE_BUGREPORT "sean@eddylab.org"
| #define PACKAGE_URL ""
| #define HMMER_DATE "Aug 2023"
| #define HMMER_COPYRIGHT "Copyright (C) 2023 Howard Hughes Medical Institute."
| #define HMMER_LICENSE "Freely distributed under the BSD open source license."
| #define HMMER_VERSION "3.4"
| #define HMMER_URL "http://hmmer.org/"
| #define EASEL_DATE "Aug 2023"
| #define EASEL_COPYRIGHT "Copyright (C) 2023 Howard Hughes Medical Institute."
| #define EASEL_LICENSE "Freely distributed under the BSD open source license."
| #define EASEL_VERSION "0.49"
| #define EASEL_URL "http://bioeasel.org/"
| #define eslDEBUGLEVEL 0
| #define HAVE_PTHREAD_PRIO_INHERIT 1
| #define HAVE_PTHREAD 1
| #define HMMER_THREADS 1
| #define eslENABLE_SSE 1
| #define HAVE_FLUSH_ZERO_MODE 1
| #define HAVE_GZIP 1
| #define HAVE_STDIO_H 1
| #define HAVE_STDLIB_H 1
| #define HAVE_STRING_H 1
| #define HAVE_INTTYPES_H 1
| #define HAVE_STDINT_H 1
| #define HAVE_STRINGS_H 1
| #define HAVE_SYS_STAT_H 1
| #define HAVE_SYS_TYPES_H 1
| #define HAVE_UNISTD_H 1
| #define STDC_HEADERS 1
| #define HAVE_ENDIAN_H 1
| #define HAVE_INTTYPES_H 1
| #define HAVE_STDINT_H 1
| #define HAVE_UNISTD_H 1
| #define HAVE_SYS_TYPES_H 1
| #define HAVE_NETINET_IN_H 1
| #define HAVE_SYS_PARAM_H 1
| #define HAVE_SYS_SYSCTL_H 1
| #define HAVE_FUNC_ATTRIBUTE_NORETURN 1
| #define HAVE_FUNC_ATTRIBUTE_FORMAT 1
| #define HAVE_MKSTEMP 1
| #define HAVE_POPEN 1
| #define HAVE_PUTENV 1
| #define HAVE_STRCASECMP 1
| #define HAVE_STRSEP 1
| #define HAVE_TIMES 1
| #define HAVE_GETPID 1
| #define HAVE_SYSCTL 1
| #define HAVE_SYSCONF 1
| #define HAVE_GETCWD 1
| #define HAVE_CHMOD 1
| #define HAVE_STAT 1
| #define HAVE_FSTAT 1
| /* end confdefs.h.  */
| /* Define erfc to an innocuous variant, in case <limits.h> declares erfc.
|    For example, HP-UX 11i <limits.h> declares gettimeofday.  */
| #define erfc innocuous_erfc
| 
| /* System header to define __stub macros and hopefully few prototypes,
|    which can conflict with char erfc (); below.  */
| 
| #include <limits.h>
| #undef erfc
| 
| /* Override any GCC internal prototype to avoid an error.
|    Use char because int might match the return type of a GCC
|    builtin and then its argument prototype would still apply.  */
| #ifdef __cplusplus
| extern "C"
| #endif
| char erfc ();
| /* The GNU C library defines this for functions which it implements
|     to always fail with ENOSYS.  Some functions are actually named
|     something starting with __ and the normal name is an alias.  */
| #if defined __stub_erfc || defined __stub___erfc
| choke me
| #endif
| 
| int
| main (void)
| {
| return erfc ();
|   ;
|   return 0;
| }
configure:8195: result: no
configure:8203: checking for library containing ntohs
configure:8233: gcc -o conftest -O3   conftest.c  >&5
configure:8233: $? = 0
configure:8253: result: none required
configure:8262: checking for library containing ntohl
configure:8292: gcc -o conftest -O3   conftest.c  >&5
configure:8292: $? = 0
configure:8312: result: none required
configure:8321: checking for library containing htons
configure:8351: gcc -o conftest -O3   conftest.c  >&5
configure:8351: $? = 0
configure:8371: result: none required
configure:8380: checking for library containing htonl
configure:8410: gcc -o conftest -O3   conftest.c  >&5
configure:8410: $? = 0
configure:8430: result: none required
configure:8439: checking for library containing socket
configure:8469: gcc -o conftest -O3   conftest.c  >&5
configure:8469: $? = 0
configure:8489: result: none required
configure:8498: checking for library containing inet_pton
configure:8528: gcc -o conftest -O3   conftest.c  >&5
configure:8528: $? = 0
configure:8548: result: none required
configure:8558: checking for _LARGEFILE_SOURCE value needed for large files
configure:8578: gcc -o conftest -O3   conftest.c  >&5
configure:8578: $? = 0
configure:8608: result: no
configure:8640: checking for special C compiler options needed for large files
configure:8688: result: no
configure:8694: checking for _FILE_OFFSET_BITS value needed for large files
configure:8720: gcc -c -O3  conftest.c >&5
configure:8720: $? = 0
configure:8754: result: no
configure:8993: creating ./config.status

## ---------------------- ##
## Running config.status. ##
## ---------------------- ##

This file was extended by HMMER config.status 3.4, which was
generated by GNU Autoconf 2.71.  Invocation command line was

  CONFIG_FILES    = 
  CONFIG_HEADERS  = 
  CONFIG_LINKS    = 
  CONFIG_COMMANDS = 
  $ ./config.status 

on linux

config.status:951: creating Makefile
config.status:951: creating src/Makefile
config.status:951: creating testsuite/Makefile
config.status:951: creating profmark/Makefile
config.status:951: creating src/impl_sse/Makefile
config.status:951: creating documentation/Makefile
config.status:951: creating documentation/man/Makefile
config.status:951: creating documentation/userguide/Makefile
config.status:951: creating documentation/userguide/inclusions/Makefile
config.status:951: creating libdivsufsort/Makefile
config.status:951: creating easel/Makefile
config.status:951: creating easel/miniapps/Makefile
config.status:951: creating easel/testsuite/Makefile
config.status:951: creating easel/documentation/Makefile
config.status:951: creating documentation/userguide/titlepage.tex
config.status:951: creating documentation/userguide/titlepage_daemon.tex
config.status:951: creating documentation/userguide/copyright.tex
config.status:951: creating documentation/man/alimask.man
config.status:951: creating documentation/man/hmmalign.man
config.status:951: creating documentation/man/hmmbuild.man
config.status:951: creating documentation/man/hmmc2.man
config.status:951: creating documentation/man/hmmconvert.man
config.status:951: creating documentation/man/hmmemit.man
config.status:951: creating documentation/man/hmmer.man
config.status:951: creating documentation/man/hmmfetch.man
config.status:951: creating documentation/man/hmmlogo.man
config.status:951: creating documentation/man/hmmpgmd.man
config.status:951: creating documentation/man/hmmpgmd_shard.man
config.status:951: creating documentation/man/hmmpress.man
config.status:951: creating documentation/man/hmmscan.man
config.status:951: creating documentation/man/hmmsearch.man
config.status:951: creating documentation/man/hmmsim.man
config.status:951: creating documentation/man/hmmstat.man
config.status:951: creating documentation/man/jackhmmer.man
config.status:951: creating documentation/man/makehmmerdb.man
config.status:951: creating documentation/man/nhmmer.man
config.status:951: creating documentation/man/nhmmscan.man
config.status:951: creating documentation/man/phmmer.man
config.status:951: creating easel/miniapps/esl-afetch.man
config.status:951: creating easel/miniapps/esl-alimanip.man
config.status:951: creating easel/miniapps/esl-alimap.man
config.status:951: creating easel/miniapps/esl-alimask.man
config.status:951: creating easel/miniapps/esl-alimerge.man
config.status:951: creating easel/miniapps/esl-alipid.man
config.status:951: creating easel/miniapps/esl-alirev.man
config.status:951: creating easel/miniapps/esl-alistat.man
config.status:951: creating easel/miniapps/esl-compalign.man
config.status:951: creating easel/miniapps/esl-compstruct.man
config.status:951: creating easel/miniapps/esl-construct.man
config.status:951: creating easel/miniapps/esl-histplot.man
config.status:951: creating easel/miniapps/esl-mask.man
config.status:951: creating easel/miniapps/esl-mixdchlet.man
config.status:951: creating easel/miniapps/esl-reformat.man
config.status:951: creating easel/miniapps/esl-selectn.man
config.status:951: creating easel/miniapps/esl-seqrange.man
config.status:951: creating easel/miniapps/esl-seqstat.man
config.status:951: creating easel/miniapps/esl-sfetch.man
config.status:951: creating easel/miniapps/esl-shuffle.man
config.status:951: creating easel/miniapps/esl-ssdraw.man
config.status:951: creating easel/miniapps/esl-translate.man
config.status:951: creating easel/miniapps/esl-weight.man
config.status:951: creating easel/decoy_config.h
config.status:951: creating src/p7_config.h
config.status:951: creating easel/esl_config.h
config.status:951: creating libdivsufsort/divsufsort.h
config.status:1152: linking src/impl_sse to src/impl

## ---------------- ##
## Cache variables. ##
## ---------------- ##

ac_cv_build=x86_64-pc-linux-gnu
ac_cv_c_bigendian=no
ac_cv_c_compiler_gnu=yes
ac_cv_c_uint16_t=yes
ac_cv_c_uint32_t=yes
ac_cv_c_uint64_t=yes
ac_cv_c_uint8_t=yes
ac_cv_env_CC_set=
ac_cv_env_CC_value=
ac_cv_env_CFLAGS_set=
ac_cv_env_CFLAGS_value=
ac_cv_env_CPPFLAGS_set=
ac_cv_env_CPPFLAGS_value=
ac_cv_env_CPP_set=
ac_cv_env_CPP_value=
ac_cv_env_LDFLAGS_set=
ac_cv_env_LDFLAGS_value=
ac_cv_env_LIBS_set=
ac_cv_env_LIBS_value=
ac_cv_env_MPICC_set=
ac_cv_env_MPICC_value=
ac_cv_env_PIC_CFLAGS_set=
ac_cv_env_PIC_CFLAGS_value=
ac_cv_env_build_alias_set=
ac_cv_env_build_alias_value=
ac_cv_env_host_alias_set=
ac_cv_env_host_alias_value=
ac_cv_env_target_alias_set=
ac_cv_env_target_alias_value=
ac_cv_func_chmod=yes
ac_cv_func_erfc=no
ac_cv_func_fstat=yes
ac_cv_func_getcwd=yes
ac_cv_func_getpid=yes
ac_cv_func_mkstemp=yes
ac_cv_func_popen=yes
ac_cv_func_putenv=yes
ac_cv_func_stat=yes
ac_cv_func_strcasecmp=yes
ac_cv_func_strsep=yes
ac_cv_func_sysconf=yes
ac_cv_func_sysctl=yes
ac_cv_func_times=yes
ac_cv_header_endian_h=yes
ac_cv_header_inttypes_h=yes
ac_cv_header_netinet_in_h=yes
ac_cv_header_stdint_h=yes
ac_cv_header_stdio_h=yes
ac_cv_header_stdlib_h=yes
ac_cv_header_string_h=yes
ac_cv_header_strings_h=yes
ac_cv_header_sys_param_h=yes
ac_cv_header_sys_stat_h=yes
ac_cv_header_sys_sysctl_h=yes
ac_cv_header_sys_types_h=yes
ac_cv_header_unistd_h=yes
ac_cv_host=x86_64-pc-linux-gnu
ac_cv_objext=o
ac_cv_path_AR=/home/patrickstyll/fsl/bin/ar
ac_cv_path_EGREP='/usr/bin/grep -E'
ac_cv_path_GREP=/usr/bin/grep
ac_cv_path_HAVE_GZIP=/usr/bin/gzip
ac_cv_path_SED=/usr/bin/sed
ac_cv_path_install='/usr/bin/install -c'
ac_cv_prog_CPP='gcc -E'
ac_cv_prog_HAVE_PYTHON3=yes
ac_cv_prog_ac_ct_CC=gcc
ac_cv_prog_ac_ct_RANLIB=ranlib
ac_cv_prog_ac_ct_STRIP=strip
ac_cv_prog_cc_c11=
ac_cv_prog_cc_g=yes
ac_cv_prog_cc_stdc=
ac_cv_search_clock_gettime='none required'
ac_cv_search_htonl='none required'
ac_cv_search_htons='none required'
ac_cv_search_inet_pton='none required'
ac_cv_search_ntohl='none required'
ac_cv_search_ntohs='none required'
ac_cv_search_socket='none required'
ac_cv_sys_file_offset_bits=no
ac_cv_sys_largefile_CC=no
ac_cv_sys_largefile_source=no
ac_cv_type_off_t=yes
ax_cv_PTHREAD_CLANG=no
ax_cv_PTHREAD_JOINABLE_ATTR=PTHREAD_CREATE_JOINABLE
ax_cv_PTHREAD_PRIO_INHERIT=yes
ax_cv_PTHREAD_SPECIAL_FLAGS=no
ax_cv_have_func_attribute_format=yes
ax_cv_have_func_attribute_noreturn=yes

## ----------------- ##
## Output variables. ##
## ----------------- ##

AR='/home/patrickstyll/fsl/bin/ar'
AVX512_CFLAGS=''
AVX_CFLAGS=''
CC='gcc'
CFLAGS='-O3'
CPP='gcc -E'
CPPFLAGS=''
DEFS='-DHAVE_CONFIG_H'
EASEL_COPYRIGHT='Copyright (C) 2023 Howard Hughes Medical Institute.'
EASEL_DATE='Aug 2023'
EASEL_LICENSE='Freely distributed under the BSD open source license.'
EASEL_URL='http://bioeasel.org/'
EASEL_VERSION='0.49'
ECHO_C=''
ECHO_N='-n'
ECHO_T=''
EGREP='/usr/bin/grep -E'
EXEEXT=''
GREP='/usr/bin/grep'
GROUPHMMERLIBS='-Wl,--start-group -lhmmer -lhmmerimpl -Wl,--end-group'
HAVE_GZIP='/usr/bin/gzip'
HAVE_PYTHON3='yes'
HMMERIMPLLIB='impl_sse/libhmmerimpl.a'
HMMER_COPYRIGHT='Copyright (C) 2023 Howard Hughes Medical Institute.'
HMMER_DATE='Aug 2023'
HMMER_ESLDIR='easel'
HMMER_LICENSE='Freely distributed under the BSD open source license.'
HMMER_SADIR='libdivsufsort'
HMMER_URL='http://hmmer.org/'
HMMER_VERSION='3.4'
IMPL_CHOICE='sse'
INSTALL_DATA='${INSTALL} -m 644'
INSTALL_PROGRAM='${INSTALL}'
INSTALL_SCRIPT='${INSTALL}'
LDFLAGS=''
LIBGSL=''
LIBOBJS=''
LIBS=''
LN_S='ln -s'
LTLIBOBJS=''
MPICC=''
MPI_BENCHMARKS=''
MPI_UTESTS=''
NEON_CFLAGS=''
OBJEXT='o'
PACKAGE_BUGREPORT='sean@eddylab.org'
PACKAGE_NAME='HMMER'
PACKAGE_STRING='HMMER 3.4'
PACKAGE_TARNAME='hmmer'
PACKAGE_URL=''
PACKAGE_VERSION='3.4'
PATH_SEPARATOR=':'
PIC_CFLAGS=''
PTHREAD_CC='gcc'
PTHREAD_CFLAGS='-pthread'
PTHREAD_CXX=''
PTHREAD_LIBS='-lpthread'
RANLIB='ranlib'
SED='/usr/bin/sed'
SHELL='/bin/sh'
SSE4_CFLAGS=''
SSE_CFLAGS=''
STRIP='strip'
VMX_CFLAGS=''
ac_ct_CC='gcc'
ax_pthread_config=''
bindir='${exec_prefix}/bin'
build='x86_64-pc-linux-gnu'
build_alias=''
build_cpu='x86_64'
build_os='linux-gnu'
build_vendor='pc'
datadir='${datarootdir}'
datarootdir='${prefix}/share'
docdir='${datarootdir}/doc/${PACKAGE_TARNAME}'
dvidir='${docdir}'
exec_prefix='${prefix}'
host='x86_64-pc-linux-gnu'
host_alias=''
host_cpu='x86_64'
host_os='linux-gnu'
host_vendor='pc'
htmldir='${docdir}'
includedir='${prefix}/include'
infodir='${datarootdir}/info'
libdir='${exec_prefix}/lib'
libexecdir='${exec_prefix}/libexec'
localedir='${datarootdir}/locale'
localstatedir='${prefix}/var'
mandir='${datarootdir}/man'
oldincludedir='/usr/include'
pdfdir='${docdir}'
prefix='/usr/local'
program_transform_name='s,x,x,'
psdir='${docdir}'
runstatedir='${localstatedir}/run'
sbindir='${exec_prefix}/sbin'
sharedstatedir='${prefix}/com'
sysconfdir='${prefix}/etc'
target_alias=''

## ----------- ##
## confdefs.h. ##
## ----------- ##

/* confdefs.h */
#define PACKAGE_NAME "HMMER"
#define PACKAGE_TARNAME "hmmer"
#define PACKAGE_VERSION "3.4"
#define PACKAGE_STRING "HMMER 3.4"
#define PACKAGE_BUGREPORT "sean@eddylab.org"
#define PACKAGE_URL ""
#define HMMER_DATE "Aug 2023"
#define HMMER_COPYRIGHT "Copyright (C) 2023 Howard Hughes Medical Institute."
#define HMMER_LICENSE "Freely distributed under the BSD open source license."
#define HMMER_VERSION "3.4"
#define HMMER_URL "http://hmmer.org/"
#define EASEL_DATE "Aug 2023"
#define EASEL_COPYRIGHT "Copyright (C) 2023 Howard Hughes Medical Institute."
#define EASEL_LICENSE "Freely distributed under the BSD open source license."
#define EASEL_VERSION "0.49"
#define EASEL_URL "http://bioeasel.org/"
#define eslDEBUGLEVEL 0
#define HAVE_PTHREAD_PRIO_INHERIT 1
#define HAVE_PTHREAD 1
#define HMMER_THREADS 1
#define eslENABLE_SSE 1
#define HAVE_FLUSH_ZERO_MODE 1
#define HAVE_GZIP 1
#define HAVE_STDIO_H 1
#define HAVE_STDLIB_H 1
#define HAVE_STRING_H 1
#define HAVE_INTTYPES_H 1
#define HAVE_STDINT_H 1
#define HAVE_STRINGS_H 1
#define HAVE_SYS_STAT_H 1
#define HAVE_SYS_TYPES_H 1
#define HAVE_UNISTD_H 1
#define STDC_HEADERS 1
#define HAVE_ENDIAN_H 1
#define HAVE_INTTYPES_H 1
#define HAVE_STDINT_H 1
#define HAVE_UNISTD_H 1
#define HAVE_SYS_TYPES_H 1
#define HAVE_NETINET_IN_H 1
#define HAVE_SYS_PARAM_H 1
#define HAVE_SYS_SYSCTL_H 1
#define HAVE_FUNC_ATTRIBUTE_NORETURN 1
#define HAVE_FUNC_ATTRIBUTE_FORMAT 1
#define HAVE_MKSTEMP 1
#define HAVE_POPEN 1
#define HAVE_PUTENV 1
#define HAVE_STRCASECMP 1
#define HAVE_STRSEP 1
#define HAVE_TIMES 1
#define HAVE_GETPID 1
#define HAVE_SYSCTL 1
#define HAVE_SYSCONF 1
#define HAVE_GETCWD 1
#define HAVE_CHMOD 1
#define HAVE_STAT 1
#define HAVE_FSTAT 1
#define HAVE_FSEEKO 1

configure: exit 0
